[debug] [2024-05-13T17:12:12.271Z] ----------------------------------------------------------------------
[debug] [2024-05-13T17:12:12.276Z] Command:       C:\Program Files\nodejs\node.exe C:\Users\Dias\AppData\Roaming\npm\node_modules\firebase-tools\lib\bin\firebase.js init
[debug] [2024-05-13T17:12:12.276Z] CLI Version:   13.8.3
[debug] [2024-05-13T17:12:12.277Z] Platform:      win32
[debug] [2024-05-13T17:12:12.277Z] Node Version:  v20.11.0
[debug] [2024-05-13T17:12:12.277Z] Time:          Mon May 13 2024 22:12:12 GMT+0500 (Узбекистан, стандартное время)
[debug] [2024-05-13T17:12:12.278Z] ----------------------------------------------------------------------
[debug] 
[debug] [2024-05-13T17:12:12.361Z] > command requires scopes: ["email","openid","https://www.googleapis.com/auth/cloudplatformprojects.readonly","https://www.googleapis.com/auth/firebase","https://www.googleapis.com/auth/cloud-platform"]
[debug] [2024-05-13T17:12:12.362Z] > authorizing via signed-in user (pragramist090@gmail.com)
[info] 
     ######## #### ########  ######## ########     ###     ######  ########
     ##        ##  ##     ## ##       ##     ##  ##   ##  ##       ##
     ######    ##  ########  ######   ########  #########  ######  ######
     ##        ##  ##    ##  ##       ##     ## ##     ##       ## ##
     ##       #### ##     ## ######## ########  ##     ##  ######  ########

You're about to initialize a Firebase project in this directory:

  D:\qwasar\Full-Stack-My-Basecamp-1

Before we get started, keep in mind:

  * You are initializing within an existing Firebase project directory

[info] 
=== Project Setup
[info] 
[info] First, let's associate this project directory with a Firebase project.
[info] You can create multiple project aliases by running firebase use --add, 
[info] but for now we'll just set up a default project.
[info] 
[debug] [2024-05-13T17:12:33.154Z] Using project from CLI flag: my-basecamp1-e3eea
[debug] [2024-05-13T17:12:33.158Z] > refreshing access token with scopes: []
[debug] [2024-05-13T17:12:33.161Z] >>> [apiv2][query] POST https://www.googleapis.com/oauth2/v3/token [none]
[debug] [2024-05-13T17:12:33.161Z] >>> [apiv2][body] POST https://www.googleapis.com/oauth2/v3/token [omitted]
[debug] [2024-05-13T17:12:34.135Z] <<< [apiv2][status] POST https://www.googleapis.com/oauth2/v3/token 200
[debug] [2024-05-13T17:12:34.136Z] <<< [apiv2][body] POST https://www.googleapis.com/oauth2/v3/token [omitted]
[debug] [2024-05-13T17:12:34.145Z] >>> [apiv2][query] GET https://firebase.googleapis.com/v1beta1/projects/my-basecamp1-e3eea [none]
[debug] [2024-05-13T17:12:36.540Z] <<< [apiv2][status] GET https://firebase.googleapis.com/v1beta1/projects/my-basecamp1-e3eea 200
[debug] [2024-05-13T17:12:36.541Z] <<< [apiv2][body] GET https://firebase.googleapis.com/v1beta1/projects/my-basecamp1-e3eea {"projectId":"my-basecamp1-e3eea","projectNumber":"758299739269","displayName":"my-basecamp1","name":"projects/my-basecamp1-e3eea","resources":{"hostingSite":"my-basecamp1-e3eea"},"state":"DELETED","etag":"1_c2ebab18-ac0c-40bd-8e95-872bba48a001"}
[info] i  Using project my-basecamp1-e3eea (my-basecamp1) 
[info] 
=== Hosting:github Setup
[info] 
[info] i  Detected a .git folder at D:\qwasar\Full-Stack-My-Basecamp-1 
[info] i  Authorizing with GitHub to upload your service account to a GitHub repository's secrets store. 
[info] 
[info] Visit this URL on this device to log in:
[info] https://github.com/login/oauth/authorize?client_id=89cf50f02ac6aaed3484&state=654654371&redirect_uri=http%3A%2F%2Flocalhost%3A9005&scope=read%3Auser%20repo%20public_repo
[info] 
[info] Waiting for authentication...
[debug] [2024-05-13T17:13:12.628Z] >>> [apiv2][query] POST https://github.com/login/oauth/access_token [none]
[debug] [2024-05-13T17:13:12.629Z] >>> [apiv2][body] POST https://github.com/login/oauth/access_token [stream]
[debug] [2024-05-13T17:13:13.326Z] <<< [apiv2][status] POST https://github.com/login/oauth/access_token 200
[debug] [2024-05-13T17:13:13.326Z] <<< [apiv2][body] POST https://github.com/login/oauth/access_token {"access_token":"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","token_type":"bearer","scope":"read:user,repo"}
[debug] [2024-05-13T17:13:13.340Z] >>> [apiv2][query] GET https://api.github.com/user [none]
[debug] [2024-05-13T17:13:14.221Z] <<< [apiv2][status] GET https://api.github.com/user 200
[debug] [2024-05-13T17:13:14.221Z] <<< [apiv2][body] GET https://api.github.com/user {"login":"dias090","id":104688591,"node_id":"U_kgDOBj1rzw","avatar_url":"https://avatars.githubusercontent.com/u/104688591?v=4","gravatar_id":"","url":"https://api.github.com/users/dias090","html_url":"https://github.com/dias090","followers_url":"https://api.github.com/users/dias090/followers","following_url":"https://api.github.com/users/dias090/following{/other_user}","gists_url":"https://api.github.com/users/dias090/gists{/gist_id}","starred_url":"https://api.github.com/users/dias090/starred{/owner}{/repo}","subscriptions_url":"https://api.github.com/users/dias090/subscriptions","organizations_url":"https://api.github.com/users/dias090/orgs","repos_url":"https://api.github.com/users/dias090/repos","events_url":"https://api.github.com/users/dias090/events{/privacy}","received_events_url":"https://api.github.com/users/dias090/received_events","type":"User","site_admin":false,"name":"Said","company":null,"blog":"","location":null,"email":null,"hireable":null,"bio":"A Junior fullstack developer","twitter_username":null,"public_repos":7,"public_gists":0,"followers":0,"following":0,"created_at":"2022-04-30T15:55:56Z","updated_at":"2024-03-28T04:50:45Z","private_gists":0,"total_private_repos":4,"owned_private_repos":4,"disk_usage":13447,"collaborators":5,"two_factor_authentication":false,"plan":{"name":"free","space":976562499,"collaborators":0,"private_repos":10000}}
[info] 
[info] +  Success! Logged into GitHub as dias090 
[info] 
